<?xml version="1.0" encoding="UTF-8"?>
<testsuite name="br.edu.ifpb.locafilme.entidades.UnitTest" time="0.023" tests="8" errors="8" skipped="0" failures="0">
  <properties>
[...]
</properties>
  <testcase name="testFilmeTamanho" classname="br.edu.ifpb.locafilme.entidades.UnitTest" time="0.014">
    <error message="Expecting a stackmap frame at branch target 81&#10;Exception Details:&#10;  Location:&#10;    br/edu/ifpb/locafilme/entidades/FilmeControler.locaFilme(Lbr/edu/ifpb/locafilme/entidades/Filme;Ljava/time/LocalDate;)V @31: if_acmpne&#10;  Reason:&#10;    Expected stackmap frame at this location.&#10;  Bytecode:&#10;    0x0000000: 033e 11ff ff36 0412 0d11 0018 b800 132b&#10;    0x0000010: b600 29b2 002f 1100 183e 1100 0036 04a6&#10;    0x0000020: 0032 1d11 0018 a000 1915 0411 0000 a000&#10;    0x0000030: 1112 0d1d 1504 04b8 0033 11ff ff36 0412&#10;    0x0000040: 0d11 0019 b800 13bb 0023 5912 35b7 0038&#10;    0x0000050: bf15 049b 0011 120d 1d15 0403 b800 3311&#10;    0x0000060: ffff 3604 120d 1100 1cb8 0013 2cb8 003e&#10;    0x0000070: b600 4211 001c 3e11 0000 3604 9c00 321d&#10;    0x0000080: 1100 1ca0 0019 1504 1100 00a0 0011 120d&#10;    0x0000090: 1d15 0404 b800 3311 ffff 3604 120d 1100&#10;    0x00000a0: 1db8 0013 bb00 2359 1244 b700 38bf 1504&#10;    0x00000b0: 9b00 1112 0d1d 1504 03b8 0033 11ff ff36&#10;    0x00000c0: 0412 0d11 0020 b800 132b 2cb6 0048 120d&#10;    0x00000d0: 1100 21b8 0013 2bb2 002f b600 4c12 0d11&#10;    0x00000e0: 0022 b800 132a b400 1a2b b600 5012 0d11&#10;    0x00000f0: 0023 b800 13b1                         &#10;  Stackmap Table:&#10;    same_frame_extended(@108)&#10;    same_frame_extended(@201)&#10;" type="java.lang.VerifyError">java.lang.VerifyError: Expecting a stackmap frame at branch target 81
Exception Details:
  Location:
    br/edu/ifpb/locafilme/entidades/FilmeControler.locaFilme(Lbr/edu/ifpb/locafilme/entidades/Filme;Ljava/time/LocalDate;)V @31: if_acmpne
  Reason:
    Expected stackmap frame at this location.
  Bytecode:
    0x0000000: 033e 11ff ff36 0412 0d11 0018 b800 132b
    0x0000010: b600 29b2 002f 1100 183e 1100 0036 04a6
    0x0000020: 0032 1d11 0018 a000 1915 0411 0000 a000
    0x0000030: 1112 0d1d 1504 04b8 0033 11ff ff36 0412
    0x0000040: 0d11 0019 b800 13bb 0023 5912 35b7 0038
    0x0000050: bf15 049b 0011 120d 1d15 0403 b800 3311
    0x0000060: ffff 3604 120d 1100 1cb8 0013 2cb8 003e
    0x0000070: b600 4211 001c 3e11 0000 3604 9c00 321d
    0x0000080: 1100 1ca0 0019 1504 1100 00a0 0011 120d
    0x0000090: 1d15 0404 b800 3311 ffff 3604 120d 1100
    0x00000a0: 1db8 0013 bb00 2359 1244 b700 38bf 1504
    0x00000b0: 9b00 1112 0d1d 1504 03b8 0033 11ff ff36
    0x00000c0: 0412 0d11 0020 b800 132b 2cb6 0048 120d
    0x00000d0: 1100 21b8 0013 2bb2 002f b600 4c12 0d11
    0x00000e0: 0022 b800 132a b400 1a2b b600 5012 0d11
    0x00000f0: 0023 b800 13b1                         
  Stackmap Table:
    same_frame_extended(@108)
    same_frame_extended(@201)

	at br.edu.ifpb.locafilme.entidades.UnitTest.setUp(UnitTest.java:46)
</error>
  </testcase>
  <testcase name="testValidaFilmeDuracao" classname="br.edu.ifpb.locafilme.entidades.UnitTest" time="0.001">
    <error message="Expecting a stackmap frame at branch target 81&#10;Exception Details:&#10;  Location:&#10;    br/edu/ifpb/locafilme/entidades/FilmeControler.locaFilme(Lbr/edu/ifpb/locafilme/entidades/Filme;Ljava/time/LocalDate;)V @31: if_acmpne&#10;  Reason:&#10;    Expected stackmap frame at this location.&#10;  Bytecode:&#10;    0x0000000: 033e 11ff ff36 0412 0d11 0018 b800 132b&#10;    0x0000010: b600 29b2 002f 1100 183e 1100 0036 04a6&#10;    0x0000020: 0032 1d11 0018 a000 1915 0411 0000 a000&#10;    0x0000030: 1112 0d1d 1504 04b8 0033 11ff ff36 0412&#10;    0x0000040: 0d11 0019 b800 13bb 0023 5912 35b7 0038&#10;    0x0000050: bf15 049b 0011 120d 1d15 0403 b800 3311&#10;    0x0000060: ffff 3604 120d 1100 1cb8 0013 2cb8 003e&#10;    0x0000070: b600 4211 001c 3e11 0000 3604 9c00 321d&#10;    0x0000080: 1100 1ca0 0019 1504 1100 00a0 0011 120d&#10;    0x0000090: 1d15 0404 b800 3311 ffff 3604 120d 1100&#10;    0x00000a0: 1db8 0013 bb00 2359 1244 b700 38bf 1504&#10;    0x00000b0: 9b00 1112 0d1d 1504 03b8 0033 11ff ff36&#10;    0x00000c0: 0412 0d11 0020 b800 132b 2cb6 0048 120d&#10;    0x00000d0: 1100 21b8 0013 2bb2 002f b600 4c12 0d11&#10;    0x00000e0: 0022 b800 132a b400 1a2b b600 5012 0d11&#10;    0x00000f0: 0023 b800 13b1                         &#10;  Stackmap Table:&#10;    same_frame_extended(@108)&#10;    same_frame_extended(@201)&#10;" type="java.lang.VerifyError">java.lang.VerifyError: Expecting a stackmap frame at branch target 81
Exception Details:
  Location:
    br/edu/ifpb/locafilme/entidades/FilmeControler.locaFilme(Lbr/edu/ifpb/locafilme/entidades/Filme;Ljava/time/LocalDate;)V @31: if_acmpne
  Reason:
    Expected stackmap frame at this location.
  Bytecode:
    0x0000000: 033e 11ff ff36 0412 0d11 0018 b800 132b
    0x0000010: b600 29b2 002f 1100 183e 1100 0036 04a6
    0x0000020: 0032 1d11 0018 a000 1915 0411 0000 a000
    0x0000030: 1112 0d1d 1504 04b8 0033 11ff ff36 0412
    0x0000040: 0d11 0019 b800 13bb 0023 5912 35b7 0038
    0x0000050: bf15 049b 0011 120d 1d15 0403 b800 3311
    0x0000060: ffff 3604 120d 1100 1cb8 0013 2cb8 003e
    0x0000070: b600 4211 001c 3e11 0000 3604 9c00 321d
    0x0000080: 1100 1ca0 0019 1504 1100 00a0 0011 120d
    0x0000090: 1d15 0404 b800 3311 ffff 3604 120d 1100
    0x00000a0: 1db8 0013 bb00 2359 1244 b700 38bf 1504
    0x00000b0: 9b00 1112 0d1d 1504 03b8 0033 11ff ff36
    0x00000c0: 0412 0d11 0020 b800 132b 2cb6 0048 120d
    0x00000d0: 1100 21b8 0013 2bb2 002f b600 4c12 0d11
    0x00000e0: 0022 b800 132a b400 1a2b b600 5012 0d11
    0x00000f0: 0023 b800 13b1                         
  Stackmap Table:
    same_frame_extended(@108)
    same_frame_extended(@201)

	at br.edu.ifpb.locafilme.entidades.UnitTest.setUp(UnitTest.java:46)
</error>
  </testcase>
  <testcase name="testValidaFilmeGenero" classname="br.edu.ifpb.locafilme.entidades.UnitTest" time="0.002">
    <error message="Expecting a stackmap frame at branch target 81&#10;Exception Details:&#10;  Location:&#10;    br/edu/ifpb/locafilme/entidades/FilmeControler.locaFilme(Lbr/edu/ifpb/locafilme/entidades/Filme;Ljava/time/LocalDate;)V @31: if_acmpne&#10;  Reason:&#10;    Expected stackmap frame at this location.&#10;  Bytecode:&#10;    0x0000000: 033e 11ff ff36 0412 0d11 0018 b800 132b&#10;    0x0000010: b600 29b2 002f 1100 183e 1100 0036 04a6&#10;    0x0000020: 0032 1d11 0018 a000 1915 0411 0000 a000&#10;    0x0000030: 1112 0d1d 1504 04b8 0033 11ff ff36 0412&#10;    0x0000040: 0d11 0019 b800 13bb 0023 5912 35b7 0038&#10;    0x0000050: bf15 049b 0011 120d 1d15 0403 b800 3311&#10;    0x0000060: ffff 3604 120d 1100 1cb8 0013 2cb8 003e&#10;    0x0000070: b600 4211 001c 3e11 0000 3604 9c00 321d&#10;    0x0000080: 1100 1ca0 0019 1504 1100 00a0 0011 120d&#10;    0x0000090: 1d15 0404 b800 3311 ffff 3604 120d 1100&#10;    0x00000a0: 1db8 0013 bb00 2359 1244 b700 38bf 1504&#10;    0x00000b0: 9b00 1112 0d1d 1504 03b8 0033 11ff ff36&#10;    0x00000c0: 0412 0d11 0020 b800 132b 2cb6 0048 120d&#10;    0x00000d0: 1100 21b8 0013 2bb2 002f b600 4c12 0d11&#10;    0x00000e0: 0022 b800 132a b400 1a2b b600 5012 0d11&#10;    0x00000f0: 0023 b800 13b1                         &#10;  Stackmap Table:&#10;    same_frame_extended(@108)&#10;    same_frame_extended(@201)&#10;" type="java.lang.VerifyError">java.lang.VerifyError: Expecting a stackmap frame at branch target 81
Exception Details:
  Location:
    br/edu/ifpb/locafilme/entidades/FilmeControler.locaFilme(Lbr/edu/ifpb/locafilme/entidades/Filme;Ljava/time/LocalDate;)V @31: if_acmpne
  Reason:
    Expected stackmap frame at this location.
  Bytecode:
    0x0000000: 033e 11ff ff36 0412 0d11 0018 b800 132b
    0x0000010: b600 29b2 002f 1100 183e 1100 0036 04a6
    0x0000020: 0032 1d11 0018 a000 1915 0411 0000 a000
    0x0000030: 1112 0d1d 1504 04b8 0033 11ff ff36 0412
    0x0000040: 0d11 0019 b800 13bb 0023 5912 35b7 0038
    0x0000050: bf15 049b 0011 120d 1d15 0403 b800 3311
    0x0000060: ffff 3604 120d 1100 1cb8 0013 2cb8 003e
    0x0000070: b600 4211 001c 3e11 0000 3604 9c00 321d
    0x0000080: 1100 1ca0 0019 1504 1100 00a0 0011 120d
    0x0000090: 1d15 0404 b800 3311 ffff 3604 120d 1100
    0x00000a0: 1db8 0013 bb00 2359 1244 b700 38bf 1504
    0x00000b0: 9b00 1112 0d1d 1504 03b8 0033 11ff ff36
    0x00000c0: 0412 0d11 0020 b800 132b 2cb6 0048 120d
    0x00000d0: 1100 21b8 0013 2bb2 002f b600 4c12 0d11
    0x00000e0: 0022 b800 132a b400 1a2b b600 5012 0d11
    0x00000f0: 0023 b800 13b1                         
  Stackmap Table:
    same_frame_extended(@108)
    same_frame_extended(@201)

	at br.edu.ifpb.locafilme.entidades.UnitTest.setUp(UnitTest.java:46)
</error>
  </testcase>
  <testcase name="testValidaFilmeTitulo" classname="br.edu.ifpb.locafilme.entidades.UnitTest" time="0.001">
    <error message="Expecting a stackmap frame at branch target 81&#10;Exception Details:&#10;  Location:&#10;    br/edu/ifpb/locafilme/entidades/FilmeControler.locaFilme(Lbr/edu/ifpb/locafilme/entidades/Filme;Ljava/time/LocalDate;)V @31: if_acmpne&#10;  Reason:&#10;    Expected stackmap frame at this location.&#10;  Bytecode:&#10;    0x0000000: 033e 11ff ff36 0412 0d11 0018 b800 132b&#10;    0x0000010: b600 29b2 002f 1100 183e 1100 0036 04a6&#10;    0x0000020: 0032 1d11 0018 a000 1915 0411 0000 a000&#10;    0x0000030: 1112 0d1d 1504 04b8 0033 11ff ff36 0412&#10;    0x0000040: 0d11 0019 b800 13bb 0023 5912 35b7 0038&#10;    0x0000050: bf15 049b 0011 120d 1d15 0403 b800 3311&#10;    0x0000060: ffff 3604 120d 1100 1cb8 0013 2cb8 003e&#10;    0x0000070: b600 4211 001c 3e11 0000 3604 9c00 321d&#10;    0x0000080: 1100 1ca0 0019 1504 1100 00a0 0011 120d&#10;    0x0000090: 1d15 0404 b800 3311 ffff 3604 120d 1100&#10;    0x00000a0: 1db8 0013 bb00 2359 1244 b700 38bf 1504&#10;    0x00000b0: 9b00 1112 0d1d 1504 03b8 0033 11ff ff36&#10;    0x00000c0: 0412 0d11 0020 b800 132b 2cb6 0048 120d&#10;    0x00000d0: 1100 21b8 0013 2bb2 002f b600 4c12 0d11&#10;    0x00000e0: 0022 b800 132a b400 1a2b b600 5012 0d11&#10;    0x00000f0: 0023 b800 13b1                         &#10;  Stackmap Table:&#10;    same_frame_extended(@108)&#10;    same_frame_extended(@201)&#10;" type="java.lang.VerifyError">java.lang.VerifyError: Expecting a stackmap frame at branch target 81
Exception Details:
  Location:
    br/edu/ifpb/locafilme/entidades/FilmeControler.locaFilme(Lbr/edu/ifpb/locafilme/entidades/Filme;Ljava/time/LocalDate;)V @31: if_acmpne
  Reason:
    Expected stackmap frame at this location.
  Bytecode:
    0x0000000: 033e 11ff ff36 0412 0d11 0018 b800 132b
    0x0000010: b600 29b2 002f 1100 183e 1100 0036 04a6
    0x0000020: 0032 1d11 0018 a000 1915 0411 0000 a000
    0x0000030: 1112 0d1d 1504 04b8 0033 11ff ff36 0412
    0x0000040: 0d11 0019 b800 13bb 0023 5912 35b7 0038
    0x0000050: bf15 049b 0011 120d 1d15 0403 b800 3311
    0x0000060: ffff 3604 120d 1100 1cb8 0013 2cb8 003e
    0x0000070: b600 4211 001c 3e11 0000 3604 9c00 321d
    0x0000080: 1100 1ca0 0019 1504 1100 00a0 0011 120d
    0x0000090: 1d15 0404 b800 3311 ffff 3604 120d 1100
    0x00000a0: 1db8 0013 bb00 2359 1244 b700 38bf 1504
    0x00000b0: 9b00 1112 0d1d 1504 03b8 0033 11ff ff36
    0x00000c0: 0412 0d11 0020 b800 132b 2cb6 0048 120d
    0x00000d0: 1100 21b8 0013 2bb2 002f b600 4c12 0d11
    0x00000e0: 0022 b800 132a b400 1a2b b600 5012 0d11
    0x00000f0: 0023 b800 13b1                         
  Stackmap Table:
    same_frame_extended(@108)
    same_frame_extended(@201)

	at br.edu.ifpb.locafilme.entidades.UnitTest.setUp(UnitTest.java:46)
</error>
  </testcase>
  <testcase name="testValidaDevolucao" classname="br.edu.ifpb.locafilme.entidades.UnitTest" time="0.002">
    <error message="Expecting a stackmap frame at branch target 81&#10;Exception Details:&#10;  Location:&#10;    br/edu/ifpb/locafilme/entidades/FilmeControler.locaFilme(Lbr/edu/ifpb/locafilme/entidades/Filme;Ljava/time/LocalDate;)V @31: if_acmpne&#10;  Reason:&#10;    Expected stackmap frame at this location.&#10;  Bytecode:&#10;    0x0000000: 033e 11ff ff36 0412 0d11 0018 b800 132b&#10;    0x0000010: b600 29b2 002f 1100 183e 1100 0036 04a6&#10;    0x0000020: 0032 1d11 0018 a000 1915 0411 0000 a000&#10;    0x0000030: 1112 0d1d 1504 04b8 0033 11ff ff36 0412&#10;    0x0000040: 0d11 0019 b800 13bb 0023 5912 35b7 0038&#10;    0x0000050: bf15 049b 0011 120d 1d15 0403 b800 3311&#10;    0x0000060: ffff 3604 120d 1100 1cb8 0013 2cb8 003e&#10;    0x0000070: b600 4211 001c 3e11 0000 3604 9c00 321d&#10;    0x0000080: 1100 1ca0 0019 1504 1100 00a0 0011 120d&#10;    0x0000090: 1d15 0404 b800 3311 ffff 3604 120d 1100&#10;    0x00000a0: 1db8 0013 bb00 2359 1244 b700 38bf 1504&#10;    0x00000b0: 9b00 1112 0d1d 1504 03b8 0033 11ff ff36&#10;    0x00000c0: 0412 0d11 0020 b800 132b 2cb6 0048 120d&#10;    0x00000d0: 1100 21b8 0013 2bb2 002f b600 4c12 0d11&#10;    0x00000e0: 0022 b800 132a b400 1a2b b600 5012 0d11&#10;    0x00000f0: 0023 b800 13b1                         &#10;  Stackmap Table:&#10;    same_frame_extended(@108)&#10;    same_frame_extended(@201)&#10;" type="java.lang.VerifyError">java.lang.VerifyError: Expecting a stackmap frame at branch target 81
Exception Details:
  Location:
    br/edu/ifpb/locafilme/entidades/FilmeControler.locaFilme(Lbr/edu/ifpb/locafilme/entidades/Filme;Ljava/time/LocalDate;)V @31: if_acmpne
  Reason:
    Expected stackmap frame at this location.
  Bytecode:
    0x0000000: 033e 11ff ff36 0412 0d11 0018 b800 132b
    0x0000010: b600 29b2 002f 1100 183e 1100 0036 04a6
    0x0000020: 0032 1d11 0018 a000 1915 0411 0000 a000
    0x0000030: 1112 0d1d 1504 04b8 0033 11ff ff36 0412
    0x0000040: 0d11 0019 b800 13bb 0023 5912 35b7 0038
    0x0000050: bf15 049b 0011 120d 1d15 0403 b800 3311
    0x0000060: ffff 3604 120d 1100 1cb8 0013 2cb8 003e
    0x0000070: b600 4211 001c 3e11 0000 3604 9c00 321d
    0x0000080: 1100 1ca0 0019 1504 1100 00a0 0011 120d
    0x0000090: 1d15 0404 b800 3311 ffff 3604 120d 1100
    0x00000a0: 1db8 0013 bb00 2359 1244 b700 38bf 1504
    0x00000b0: 9b00 1112 0d1d 1504 03b8 0033 11ff ff36
    0x00000c0: 0412 0d11 0020 b800 132b 2cb6 0048 120d
    0x00000d0: 1100 21b8 0013 2bb2 002f b600 4c12 0d11
    0x00000e0: 0022 b800 132a b400 1a2b b600 5012 0d11
    0x00000f0: 0023 b800 13b1                         
  Stackmap Table:
    same_frame_extended(@108)
    same_frame_extended(@201)

	at br.edu.ifpb.locafilme.entidades.UnitTest.setUp(UnitTest.java:46)
</error>
  </testcase>
  <testcase name="testEditaFilme" classname="br.edu.ifpb.locafilme.entidades.UnitTest" time="0.001">
    <error message="Expecting a stackmap frame at branch target 81&#10;Exception Details:&#10;  Location:&#10;    br/edu/ifpb/locafilme/entidades/FilmeControler.locaFilme(Lbr/edu/ifpb/locafilme/entidades/Filme;Ljava/time/LocalDate;)V @31: if_acmpne&#10;  Reason:&#10;    Expected stackmap frame at this location.&#10;  Bytecode:&#10;    0x0000000: 033e 11ff ff36 0412 0d11 0018 b800 132b&#10;    0x0000010: b600 29b2 002f 1100 183e 1100 0036 04a6&#10;    0x0000020: 0032 1d11 0018 a000 1915 0411 0000 a000&#10;    0x0000030: 1112 0d1d 1504 04b8 0033 11ff ff36 0412&#10;    0x0000040: 0d11 0019 b800 13bb 0023 5912 35b7 0038&#10;    0x0000050: bf15 049b 0011 120d 1d15 0403 b800 3311&#10;    0x0000060: ffff 3604 120d 1100 1cb8 0013 2cb8 003e&#10;    0x0000070: b600 4211 001c 3e11 0000 3604 9c00 321d&#10;    0x0000080: 1100 1ca0 0019 1504 1100 00a0 0011 120d&#10;    0x0000090: 1d15 0404 b800 3311 ffff 3604 120d 1100&#10;    0x00000a0: 1db8 0013 bb00 2359 1244 b700 38bf 1504&#10;    0x00000b0: 9b00 1112 0d1d 1504 03b8 0033 11ff ff36&#10;    0x00000c0: 0412 0d11 0020 b800 132b 2cb6 0048 120d&#10;    0x00000d0: 1100 21b8 0013 2bb2 002f b600 4c12 0d11&#10;    0x00000e0: 0022 b800 132a b400 1a2b b600 5012 0d11&#10;    0x00000f0: 0023 b800 13b1                         &#10;  Stackmap Table:&#10;    same_frame_extended(@108)&#10;    same_frame_extended(@201)&#10;" type="java.lang.VerifyError">java.lang.VerifyError: Expecting a stackmap frame at branch target 81
Exception Details:
  Location:
    br/edu/ifpb/locafilme/entidades/FilmeControler.locaFilme(Lbr/edu/ifpb/locafilme/entidades/Filme;Ljava/time/LocalDate;)V @31: if_acmpne
  Reason:
    Expected stackmap frame at this location.
  Bytecode:
    0x0000000: 033e 11ff ff36 0412 0d11 0018 b800 132b
    0x0000010: b600 29b2 002f 1100 183e 1100 0036 04a6
    0x0000020: 0032 1d11 0018 a000 1915 0411 0000 a000
    0x0000030: 1112 0d1d 1504 04b8 0033 11ff ff36 0412
    0x0000040: 0d11 0019 b800 13bb 0023 5912 35b7 0038
    0x0000050: bf15 049b 0011 120d 1d15 0403 b800 3311
    0x0000060: ffff 3604 120d 1100 1cb8 0013 2cb8 003e
    0x0000070: b600 4211 001c 3e11 0000 3604 9c00 321d
    0x0000080: 1100 1ca0 0019 1504 1100 00a0 0011 120d
    0x0000090: 1d15 0404 b800 3311 ffff 3604 120d 1100
    0x00000a0: 1db8 0013 bb00 2359 1244 b700 38bf 1504
    0x00000b0: 9b00 1112 0d1d 1504 03b8 0033 11ff ff36
    0x00000c0: 0412 0d11 0020 b800 132b 2cb6 0048 120d
    0x00000d0: 1100 21b8 0013 2bb2 002f b600 4c12 0d11
    0x00000e0: 0022 b800 132a b400 1a2b b600 5012 0d11
    0x00000f0: 0023 b800 13b1                         
  Stackmap Table:
    same_frame_extended(@108)
    same_frame_extended(@201)

	at br.edu.ifpb.locafilme.entidades.UnitTest.setUp(UnitTest.java:46)
</error>
  </testcase>
  <testcase name="testValidaDataEmprestimo" classname="br.edu.ifpb.locafilme.entidades.UnitTest" time="0.001">
    <error message="Expecting a stackmap frame at branch target 81&#10;Exception Details:&#10;  Location:&#10;    br/edu/ifpb/locafilme/entidades/FilmeControler.locaFilme(Lbr/edu/ifpb/locafilme/entidades/Filme;Ljava/time/LocalDate;)V @31: if_acmpne&#10;  Reason:&#10;    Expected stackmap frame at this location.&#10;  Bytecode:&#10;    0x0000000: 033e 11ff ff36 0412 0d11 0018 b800 132b&#10;    0x0000010: b600 29b2 002f 1100 183e 1100 0036 04a6&#10;    0x0000020: 0032 1d11 0018 a000 1915 0411 0000 a000&#10;    0x0000030: 1112 0d1d 1504 04b8 0033 11ff ff36 0412&#10;    0x0000040: 0d11 0019 b800 13bb 0023 5912 35b7 0038&#10;    0x0000050: bf15 049b 0011 120d 1d15 0403 b800 3311&#10;    0x0000060: ffff 3604 120d 1100 1cb8 0013 2cb8 003e&#10;    0x0000070: b600 4211 001c 3e11 0000 3604 9c00 321d&#10;    0x0000080: 1100 1ca0 0019 1504 1100 00a0 0011 120d&#10;    0x0000090: 1d15 0404 b800 3311 ffff 3604 120d 1100&#10;    0x00000a0: 1db8 0013 bb00 2359 1244 b700 38bf 1504&#10;    0x00000b0: 9b00 1112 0d1d 1504 03b8 0033 11ff ff36&#10;    0x00000c0: 0412 0d11 0020 b800 132b 2cb6 0048 120d&#10;    0x00000d0: 1100 21b8 0013 2bb2 002f b600 4c12 0d11&#10;    0x00000e0: 0022 b800 132a b400 1a2b b600 5012 0d11&#10;    0x00000f0: 0023 b800 13b1                         &#10;  Stackmap Table:&#10;    same_frame_extended(@108)&#10;    same_frame_extended(@201)&#10;" type="java.lang.VerifyError">java.lang.VerifyError: Expecting a stackmap frame at branch target 81
Exception Details:
  Location:
    br/edu/ifpb/locafilme/entidades/FilmeControler.locaFilme(Lbr/edu/ifpb/locafilme/entidades/Filme;Ljava/time/LocalDate;)V @31: if_acmpne
  Reason:
    Expected stackmap frame at this location.
  Bytecode:
    0x0000000: 033e 11ff ff36 0412 0d11 0018 b800 132b
    0x0000010: b600 29b2 002f 1100 183e 1100 0036 04a6
    0x0000020: 0032 1d11 0018 a000 1915 0411 0000 a000
    0x0000030: 1112 0d1d 1504 04b8 0033 11ff ff36 0412
    0x0000040: 0d11 0019 b800 13bb 0023 5912 35b7 0038
    0x0000050: bf15 049b 0011 120d 1d15 0403 b800 3311
    0x0000060: ffff 3604 120d 1100 1cb8 0013 2cb8 003e
    0x0000070: b600 4211 001c 3e11 0000 3604 9c00 321d
    0x0000080: 1100 1ca0 0019 1504 1100 00a0 0011 120d
    0x0000090: 1d15 0404 b800 3311 ffff 3604 120d 1100
    0x00000a0: 1db8 0013 bb00 2359 1244 b700 38bf 1504
    0x00000b0: 9b00 1112 0d1d 1504 03b8 0033 11ff ff36
    0x00000c0: 0412 0d11 0020 b800 132b 2cb6 0048 120d
    0x00000d0: 1100 21b8 0013 2bb2 002f b600 4c12 0d11
    0x00000e0: 0022 b800 132a b400 1a2b b600 5012 0d11
    0x00000f0: 0023 b800 13b1                         
  Stackmap Table:
    same_frame_extended(@108)
    same_frame_extended(@201)

	at br.edu.ifpb.locafilme.entidades.UnitTest.setUp(UnitTest.java:46)
</error>
  </testcase>
  <testcase name="testValidaFilmeTamanhoTitulo" classname="br.edu.ifpb.locafilme.entidades.UnitTest" time="0.001">
    <error message="Expecting a stackmap frame at branch target 81&#10;Exception Details:&#10;  Location:&#10;    br/edu/ifpb/locafilme/entidades/FilmeControler.locaFilme(Lbr/edu/ifpb/locafilme/entidades/Filme;Ljava/time/LocalDate;)V @31: if_acmpne&#10;  Reason:&#10;    Expected stackmap frame at this location.&#10;  Bytecode:&#10;    0x0000000: 033e 11ff ff36 0412 0d11 0018 b800 132b&#10;    0x0000010: b600 29b2 002f 1100 183e 1100 0036 04a6&#10;    0x0000020: 0032 1d11 0018 a000 1915 0411 0000 a000&#10;    0x0000030: 1112 0d1d 1504 04b8 0033 11ff ff36 0412&#10;    0x0000040: 0d11 0019 b800 13bb 0023 5912 35b7 0038&#10;    0x0000050: bf15 049b 0011 120d 1d15 0403 b800 3311&#10;    0x0000060: ffff 3604 120d 1100 1cb8 0013 2cb8 003e&#10;    0x0000070: b600 4211 001c 3e11 0000 3604 9c00 321d&#10;    0x0000080: 1100 1ca0 0019 1504 1100 00a0 0011 120d&#10;    0x0000090: 1d15 0404 b800 3311 ffff 3604 120d 1100&#10;    0x00000a0: 1db8 0013 bb00 2359 1244 b700 38bf 1504&#10;    0x00000b0: 9b00 1112 0d1d 1504 03b8 0033 11ff ff36&#10;    0x00000c0: 0412 0d11 0020 b800 132b 2cb6 0048 120d&#10;    0x00000d0: 1100 21b8 0013 2bb2 002f b600 4c12 0d11&#10;    0x00000e0: 0022 b800 132a b400 1a2b b600 5012 0d11&#10;    0x00000f0: 0023 b800 13b1                         &#10;  Stackmap Table:&#10;    same_frame_extended(@108)&#10;    same_frame_extended(@201)&#10;" type="java.lang.VerifyError">java.lang.VerifyError: Expecting a stackmap frame at branch target 81
Exception Details:
  Location:
    br/edu/ifpb/locafilme/entidades/FilmeControler.locaFilme(Lbr/edu/ifpb/locafilme/entidades/Filme;Ljava/time/LocalDate;)V @31: if_acmpne
  Reason:
    Expected stackmap frame at this location.
  Bytecode:
    0x0000000: 033e 11ff ff36 0412 0d11 0018 b800 132b
    0x0000010: b600 29b2 002f 1100 183e 1100 0036 04a6
    0x0000020: 0032 1d11 0018 a000 1915 0411 0000 a000
    0x0000030: 1112 0d1d 1504 04b8 0033 11ff ff36 0412
    0x0000040: 0d11 0019 b800 13bb 0023 5912 35b7 0038
    0x0000050: bf15 049b 0011 120d 1d15 0403 b800 3311
    0x0000060: ffff 3604 120d 1100 1cb8 0013 2cb8 003e
    0x0000070: b600 4211 001c 3e11 0000 3604 9c00 321d
    0x0000080: 1100 1ca0 0019 1504 1100 00a0 0011 120d
    0x0000090: 1d15 0404 b800 3311 ffff 3604 120d 1100
    0x00000a0: 1db8 0013 bb00 2359 1244 b700 38bf 1504
    0x00000b0: 9b00 1112 0d1d 1504 03b8 0033 11ff ff36
    0x00000c0: 0412 0d11 0020 b800 132b 2cb6 0048 120d
    0x00000d0: 1100 21b8 0013 2bb2 002f b600 4c12 0d11
    0x00000e0: 0022 b800 132a b400 1a2b b600 5012 0d11
    0x00000f0: 0023 b800 13b1                         
  Stackmap Table:
    same_frame_extended(@108)
    same_frame_extended(@201)

	at br.edu.ifpb.locafilme.entidades.UnitTest.setUp(UnitTest.java:46)
</error>
  </testcase>
</testsuite>